# JRE version: OpenJDK Runtime Environment Temurin-17.0.16+8 (17.0.16+8) (build 17.0.16+8)
# Java VM: OpenJDK 64-Bit Server VM Temurin-17.0.16+8 (17.0.16+8, mixed mode, sharing, tiered, compressed oops, compressed class ptrs, g1 gc, windows-amd64)
GC Precious Log:
 CPUs: 12 total, 12 available
 Memory: 7560M
 Large Page Support: Disabled
 NUMA Support: Disabled
 Compressed Oops: Enabled (Zero based)
 Heap Region Size: 2M
 Heap Min Capacity: 8M
 Heap Initial Capacity: 120M
 Heap Max Capacity: 4G
 Pre-touch: Disabled
 Parallel Workers: 10
 Concurrent Workers: 3
 Concurrent Refinement Workers: 10
 Periodic GC: Disabled
Heap:
 garbage-first heap   total 559104K, used 394111K [0x0000000700000000, 0x0000000800000000)
  region size 2048K, 19 young (38912K), 6 survivors (12288K)
 Metaspace       used 197559K, committed 199680K, reserved 622592K
  class space    used 25687K, committed 26688K, reserved 425984K
GC Heap History (20 events):
Event: 451.359 GC heap before
{Heap before GC invocations=129 (full 0):
 garbage-first heap   total 559104K, used 480880K [0x0000000700000000, 0x0000000800000000)
  region size 2048K, 62 young (126976K), 2 survivors (4096K)
 Metaspace       used 179320K, committed 181440K, reserved 622592K
  class space    used 22995K, committed 24000K, reserved 425984K
}
Event: 451.384 GC heap after
{Heap after GC invocations=130 (full 0):
 garbage-first heap   total 559104K, used 360134K [0x0000000700000000, 0x0000000800000000)
  region size 2048K, 2 young (4096K), 2 survivors (4096K)
 Metaspace       used 179320K, committed 181440K, reserved 622592K
  class space    used 22995K, committed 24000K, reserved 425984K
}
Event: 453.873 GC heap before
{Heap before GC invocations=130 (full 0):
 garbage-first heap   total 559104K, used 483014K [0x0000000700000000, 0x0000000800000000)
  region size 2048K, 63 young (129024K), 2 survivors (4096K)
 Metaspace       used 179359K, committed 181440K, reserved 622592K
  class space    used 22995K, committed 24000K, reserved 425984K
}
Event: 453.878 GC heap after
{Heap after GC invocations=131 (full 0):
 garbage-first heap   total 559104K, used 360483K [0x0000000700000000, 0x0000000800000000)
  region size 2048K, 2 young (4096K), 2 survivors (4096K)
 Metaspace       used 179359K, committed 181440K, reserved 622592K
  class space    used 22995K, committed 24000K, reserved 425984K
}
Event: 454.780 GC heap before
{Heap before GC invocations=131 (full 0):
 garbage-first heap   total 559104K, used 485411K [0x0000000700000000, 0x0000000800000000)
  region size 2048K, 64 young (131072K), 2 survivors (4096K)
 Metaspace       used 179365K, committed 181440K, reserved 622592K
  class space    used 22995K, committed 24000K, reserved 425984K
}
Event: 454.788 GC heap after
{Heap after GC invocations=132 (full 0):
 garbage-first heap   total 559104K, used 360464K [0x0000000700000000, 0x0000000800000000)
  region size 2048K, 2 young (4096K), 2 survivors (4096K)
 Metaspace       used 179365K, committed 181440K, reserved 622592K
  class space    used 22995K, committed 24000K, reserved 425984K
}
Event: 461.518 GC heap before
{Heap before GC invocations=132 (full 0):
 garbage-first heap   total 559104K, used 493584K [0x0000000700000000, 0x0000000800000000)
  region size 2048K, 65 young (133120K), 2 survivors (4096K)
 Metaspace       used 179942K, committed 182016K, reserved 622592K
  class space    used 23044K, committed 24064K, reserved 425984K
}
Event: 461.528 GC heap after
{Heap after GC invocations=133 (full 0):
 garbage-first heap   total 559104K, used 364977K [0x0000000700000000, 0x0000000800000000)
  region size 2048K, 4 young (8192K), 4 survivors (8192K)
 Metaspace       used 179942K, committed 182016K, reserved 622592K
  class space    used 23044K, committed 24064K, reserved 425984K
}
Event: 464.687 GC heap before
{Heap before GC invocations=133 (full 0):
 garbage-first heap   total 559104K, used 485809K [0x0000000700000000, 0x0000000800000000)
  region size 2048K, 64 young (131072K), 4 survivors (8192K)
 Metaspace       used 180673K, committed 182784K, reserved 622592K
  class space    used 23153K, committed 24192K, reserved 425984K
}
Event: 464.697 GC heap after
{Heap after GC invocations=134 (full 0):
 garbage-first heap   total 559104K, used 364217K [0x0000000700000000, 0x0000000800000000)
  region size 2048K, 4 young (8192K), 4 survivors (8192K)
 Metaspace       used 180673K, committed 182784K, reserved 622592K
  class space    used 23153K, committed 24192K, reserved 425984K
}
Event: 467.511 GC heap before
{Heap before GC invocations=134 (full 0):
 garbage-first heap   total 559104K, used 487097K [0x0000000700000000, 0x0000000800000000)
  region size 2048K, 65 young (133120K), 4 survivors (8192K)
 Metaspace       used 181891K, committed 183936K, reserved 622592K
  class space    used 23326K, committed 24320K, reserved 425984K
}
Event: 467.520 GC heap after
{Heap after GC invocations=135 (full 0):
 garbage-first heap   total 559104K, used 364305K [0x0000000700000000, 0x0000000800000000)
  region size 2048K, 4 young (8192K), 4 survivors (8192K)
 Metaspace       used 181891K, committed 183936K, reserved 622592K
  class space    used 23326K, committed 24320K, reserved 425984K
}
Event: 469.937 GC heap before
{Heap before GC invocations=135 (full 0):
 garbage-first heap   total 559104K, used 487185K [0x0000000700000000, 0x0000000800000000)
  region size 2048K, 65 young (133120K), 4 survivors (8192K)
 Metaspace       used 184485K, committed 186560K, reserved 622592K
  class space    used 23694K, committed 24704K, reserved 425984K
}
Event: 469.947 GC heap after
{Heap after GC invocations=136 (full 0):
 garbage-first heap   total 559104K, used 365681K [0x0000000700000000, 0x0000000800000000)
  region size 2048K, 5 young (10240K), 5 survivors (10240K)
 Metaspace       used 184485K, committed 186560K, reserved 622592K
  class space    used 23694K, committed 24704K, reserved 425984K
}
Event: 472.582 GC heap before
{Heap before GC invocations=136 (full 0):
 garbage-first heap   total 559104K, used 486513K [0x0000000700000000, 0x0000000800000000)
  region size 2048K, 65 young (133120K), 5 survivors (10240K)
 Metaspace       used 188508K, committed 190720K, reserved 622592K
  class space    used 24287K, committed 25344K, reserved 425984K
}
Event: 472.594 GC heap after
{Heap after GC invocations=137 (full 0):
 garbage-first heap   total 559104K, used 367076K [0x0000000700000000, 0x0000000800000000)
  region size 2048K, 6 young (12288K), 6 survivors (12288K)
 Metaspace       used 188508K, committed 190720K, reserved 622592K
  class space    used 24287K, committed 25344K, reserved 425984K
}
Event: 476.065 GC heap before
{Heap before GC invocations=137 (full 0):
 garbage-first heap   total 559104K, used 483812K [0x0000000700000000, 0x0000000800000000)
  region size 2048K, 64 young (131072K), 6 survivors (12288K)
 Metaspace       used 192934K, committed 195072K, reserved 622592K
  class space    used 25062K, committed 26112K, reserved 425984K
}
Event: 476.081 GC heap after
{Heap after GC invocations=138 (full 0):
 garbage-first heap   total 559104K, used 369219K [0x0000000700000000, 0x0000000800000000)
  region size 2048K, 6 young (12288K), 6 survivors (12288K)
 Metaspace       used 192934K, committed 195072K, reserved 622592K
  class space    used 25062K, committed 26112K, reserved 425984K
}
Event: 478.939 GC heap before
{Heap before GC invocations=138 (full 0):
 garbage-first heap   total 559104K, used 483907K [0x0000000700000000, 0x0000000800000000)
  region size 2048K, 63 young (129024K), 6 survivors (12288K)
 Metaspace       used 197236K, committed 199424K, reserved 622592K
  class space    used 25653K, committed 26688K, reserved 425984K
}
Event: 478.955 GC heap after
{Heap after GC invocations=139 (full 0):
 garbage-first heap   total 559104K, used 371583K [0x0000000700000000, 0x0000000800000000)
  region size 2048K, 6 young (12288K), 6 survivors (12288K)
 Metaspace       used 197236K, committed 199424K, reserved 622592K
  class space    used 25653K, committed 26688K, reserved 425984K
}

